<?xml version="1.0" encoding="UTF-8" ?>
<testsuite errors="0" failures="0" hostname="SpeichMw541" name="AccountTest" skipped="0" tests="8" time="0.061" timestamp="2017-04-24T17:15:34">
  <properties>
[...]
</properties>
  <testcase classname="AccountTest" name="test1Test" time="0.001" />
  <testcase classname="AccountTest" name="test2Test" time="0.0" />
  <testcase classname="AccountTest" name="test3Test" time="0.0" />
  <testcase classname="AccountTest" name="test4Test" time="0.001" />
  <testcase classname="AccountTest" name="test5Test" time="0.001" />
  <testcase classname="AccountTest" name="test6Test" time="0.0" />
  <testcase classname="AccountTest" name="test7Test" time="0.0" />
  <testcase classname="AccountTest" name="test8Test" time="0.0" />
  <system-out><![CDATA[]]></system-out>
  <system-err><![CDATA[]]></system-err>
</testsuite>
